<?xml version="1.0" encoding="UTF-8"?>
<testsuite xmlns:xsi="http://www.w3.org/2001/XMLSchema-instance" xsi:noNamespaceSchemaLocation="https://maven.apache.org/surefire/maven-surefire-plugin/xsd/surefire-test-report-3.0.xsd" version="3.0" name="authentication.runners.Runner" time="0.151" tests="1" errors="0" skipped="0" failures="0">
  <properties>
    <property name="java.specification.version" value="19"/>
    <property name="sun.jnu.encoding" value="UTF-8"/>
    <property name="java.class.path" value="/Users/angegonzalez/Documents/Programming/AutomationFrameworkChallenge/target/test-classes:/Users/angegonzalez/Documents/Programming/AutomationFrameworkChallenge/target/classes:/Users/angegonzalez/.m2/repository/io/cucumber/cucumber-java/7.11.1/cucumber-java-7.11.1.jar:/Users/angegonzalez/.m2/repository/io/cucumber/cucumber-core/7.11.1/cucumber-core-7.11.1.jar:/Users/angegonzalez/.m2/repository/io/cucumber/cucumber-gherkin/7.11.1/cucumber-gherkin-7.11.1.jar:/Users/angegonzalez/.m2/repository/io/cucumber/cucumber-gherkin-messages/7.11.1/cucumber-gherkin-messages-7.11.1.jar:/Users/angegonzalez/.m2/repository/io/cucumber/gherkin/26.0.3/gherkin-26.0.3.jar:/Users/angegonzalez/.m2/repository/io/cucumber/messages/21.0.1/messages-21.0.1.jar:/Users/angegonzalez/.m2/repository/io/cucumber/tag-expressions/5.0.1/tag-expressions-5.0.1.jar:/Users/angegonzalez/.m2/repository/io/cucumber/cucumber-expressions/16.1.2/cucumber-expressions-16.1.2.jar:/Users/angegonzalez/.m2/repository/io/cucumber/datatable/7.11.1/datatable-7.11.1.jar:/Users/angegonzalez/.m2/repository/io/cucumber/cucumber-plugin/7.11.1/cucumber-plugin-7.11.1.jar:/Users/angegonzalez/.m2/repository/io/cucumber/docstring/7.11.1/docstring-7.11.1.jar:/Users/angegonzalez/.m2/repository/io/cucumber/html-formatter/20.2.1/html-formatter-20.2.1.jar:/Users/angegonzalez/.m2/repository/io/cucumber/junit-xml-formatter/0.1.0/junit-xml-formatter-0.1.0.jar:/Users/angegonzalez/.m2/repository/io/cucumber/ci-environment/9.1.0/ci-environment-9.1.0.jar:/Users/angegonzalez/.m2/repository/org/apiguardian/apiguardian-api/1.1.2/apiguardian-api-1.1.2.jar:/Users/angegonzalez/.m2/repository/log4j/log4j/1.2.17/log4j-1.2.17.jar:/Users/angegonzalez/.m2/repository/junit/junit/4.13.2/junit-4.13.2.jar:/Users/angegonzalez/.m2/repository/org/hamcrest/hamcrest-core/1.3/hamcrest-core-1.3.jar:/Users/angegonzalez/.m2/repository/io/cucumber/cucumber-junit/7.11.1/cucumber-junit-7.11.1.jar:"/>
    <property name="java.vm.vendor" value="Homebrew"/>
    <property name="sun.arch.data.model" value="64"/>
    <property name="java.vendor.url" value="https://github.com/Homebrew/homebrew-core/issues"/>
    <property name="os.name" value="Mac OS X"/>
    <property name="java.vm.specification.version" value="19"/>
    <property name="sun.java.launcher" value="SUN_STANDARD"/>
    <property name="user.country" value="CO"/>
    <property name="sun.boot.library.path" value="/opt/homebrew/Cellar/openjdk/19.0.2/libexec/openjdk.jdk/Contents/Home/lib"/>
    <property name="sun.java.command" value="/Users/angegonzalez/Documents/Programming/AutomationFrameworkChallenge/target/surefire/surefirebooter-20230222201153341_3.jar /Users/angegonzalez/Documents/Programming/AutomationFrameworkChallenge/target/surefire 2023-02-22T20-11-53_248-jvmRun1 surefire-20230222201153341_1tmp surefire_0-20230222201153341_2tmp"/>
    <property name="http.nonProxyHosts" value="local|*.local|169.254/16|*.169.254/16"/>
    <property name="jdk.debug" value="release"/>
    <property name="surefire.test.class.path" value="/Users/angegonzalez/Documents/Programming/AutomationFrameworkChallenge/target/test-classes:/Users/angegonzalez/Documents/Programming/AutomationFrameworkChallenge/target/classes:/Users/angegonzalez/.m2/repository/io/cucumber/cucumber-java/7.11.1/cucumber-java-7.11.1.jar:/Users/angegonzalez/.m2/repository/io/cucumber/cucumber-core/7.11.1/cucumber-core-7.11.1.jar:/Users/angegonzalez/.m2/repository/io/cucumber/cucumber-gherkin/7.11.1/cucumber-gherkin-7.11.1.jar:/Users/angegonzalez/.m2/repository/io/cucumber/cucumber-gherkin-messages/7.11.1/cucumber-gherkin-messages-7.11.1.jar:/Users/angegonzalez/.m2/repository/io/cucumber/gherkin/26.0.3/gherkin-26.0.3.jar:/Users/angegonzalez/.m2/repository/io/cucumber/messages/21.0.1/messages-21.0.1.jar:/Users/angegonzalez/.m2/repository/io/cucumber/tag-expressions/5.0.1/tag-expressions-5.0.1.jar:/Users/angegonzalez/.m2/repository/io/cucumber/cucumber-expressions/16.1.2/cucumber-expressions-16.1.2.jar:/Users/angegonzalez/.m2/repository/io/cucumber/datatable/7.11.1/datatable-7.11.1.jar:/Users/angegonzalez/.m2/repository/io/cucumber/cucumber-plugin/7.11.1/cucumber-plugin-7.11.1.jar:/Users/angegonzalez/.m2/repository/io/cucumber/docstring/7.11.1/docstring-7.11.1.jar:/Users/angegonzalez/.m2/repository/io/cucumber/html-formatter/20.2.1/html-formatter-20.2.1.jar:/Users/angegonzalez/.m2/repository/io/cucumber/junit-xml-formatter/0.1.0/junit-xml-formatter-0.1.0.jar:/Users/angegonzalez/.m2/repository/io/cucumber/ci-environment/9.1.0/ci-environment-9.1.0.jar:/Users/angegonzalez/.m2/repository/org/apiguardian/apiguardian-api/1.1.2/apiguardian-api-1.1.2.jar:/Users/angegonzalez/.m2/repository/log4j/log4j/1.2.17/log4j-1.2.17.jar:/Users/angegonzalez/.m2/repository/junit/junit/4.13.2/junit-4.13.2.jar:/Users/angegonzalez/.m2/repository/org/hamcrest/hamcrest-core/1.3/hamcrest-core-1.3.jar:/Users/angegonzalez/.m2/repository/io/cucumber/cucumber-junit/7.11.1/cucumber-junit-7.11.1.jar:"/>
    <property name="sun.cpu.endian" value="little"/>
    <property name="user.home" value="/Users/angegonzalez"/>
    <property name="user.language" value="es"/>
    <property name="java.specification.vendor" value="Oracle Corporation"/>
    <property name="java.version.date" value="2023-01-17"/>
    <property name="java.home" value="/opt/homebrew/Cellar/openjdk/19.0.2/libexec/openjdk.jdk/Contents/Home"/>
    <property name="file.separator" value="/"/>
    <property name="basedir" value="/Users/angegonzalez/Documents/Programming/AutomationFrameworkChallenge"/>
    <property name="java.vm.compressedOopsMode" value="Zero based"/>
    <property name="line.separator" value="&#10;"/>
    <property name="java.vm.specification.vendor" value="Oracle Corporation"/>
    <property name="java.specification.name" value="Java Platform API Specification"/>
    <property name="apple.awt.application.name" value="ForkedBooter"/>
    <property name="surefire.real.class.path" value="/Users/angegonzalez/Documents/Programming/AutomationFrameworkChallenge/target/surefire/surefirebooter-20230222201153341_3.jar"/>
    <property name="sun.management.compiler" value="HotSpot 64-Bit Tiered Compilers"/>
    <property name="ftp.nonProxyHosts" value="local|*.local|169.254/16|*.169.254/16"/>
    <property name="java.runtime.version" value="19.0.2"/>
    <property name="user.name" value="angegonzalez"/>
    <property name="stdout.encoding" value="UTF-8"/>
    <property name="path.separator" value=":"/>
    <property name="os.version" value="13.2.1"/>
    <property name="java.runtime.name" value="OpenJDK Runtime Environment"/>
    <property name="file.encoding" value="UTF-8"/>
    <property name="java.vm.name" value="OpenJDK 64-Bit Server VM"/>
    <property name="java.vendor.version" value="Homebrew"/>
    <property name="localRepository" value="/Users/angegonzalez/.m2/repository"/>
    <property name="java.vendor.url.bug" value="https://github.com/Homebrew/homebrew-core/issues"/>
    <property name="java.io.tmpdir" value="/var/folders/rh/7r7h9gk56_51331yfhlk5xnh0000gn/T/"/>
    <property name="java.version" value="19.0.2"/>
    <property name="user.dir" value="/Users/angegonzalez/Documents/Programming/AutomationFrameworkChallenge"/>
    <property name="os.arch" value="aarch64"/>
    <property name="java.vm.specification.name" value="Java Virtual Machine Specification"/>
    <property name="native.encoding" value="UTF-8"/>
    <property name="java.library.path" value="/Users/angegonzalez/Library/Java/Extensions:/Library/Java/Extensions:/Network/Library/Java/Extensions:/System/Library/Java/Extensions:/usr/lib/java:."/>
    <property name="java.vm.info" value="mixed mode, sharing"/>
    <property name="stderr.encoding" value="UTF-8"/>
    <property name="java.vendor" value="Homebrew"/>
    <property name="java.vm.version" value="19.0.2"/>
    <property name="sun.io.unicode.encoding" value="UnicodeBig"/>
    <property name="socksNonProxyHosts" value="local|*.local|169.254/16|*.169.254/16"/>
    <property name="java.class.version" value="63.0"/>
  </properties>
  <testcase name="Users successfully create a request token" classname="Create a request token for the user" time="0.039">
    <system-out><![CDATA[0 [main] INFO authentication.utils.TestLogger  - I'm bringing to you a valid API key for T.M.D
4 [main] INFO authentication.utils.TestLogger  - You're using the TMD API endpoint to create request token...
4 [main] INFO authentication.utils.TestLogger  - You're using the API key: This is a valid API key
]]></system-out>
  </testcase>
</testsuite>