<?xml version="1.0" encoding="UTF-8"?>
<testsuite xmlns:xsi="http://www.w3.org/2001/XMLSchema-instance" xsi:noNamespaceSchemaLocation="https://maven.apache.org/surefire/maven-surefire-plugin/xsd/surefire-test-report-3.0.xsd" version="3.0" name="runner.RunCucumberTests" time="0.277" tests="5" errors="0" skipped="0" failures="0">
  <properties>
    <property name="java.specification.version" value="19"/>
    <property name="sun.jnu.encoding" value="UTF-8"/>
    <property name="java.class.path" value="/Users/angegonzalez/Documents/Programming/AutomationFrameworkChallenge/target/test-classes:/Users/angegonzalez/Documents/Programming/AutomationFrameworkChallenge/target/classes:/Users/angegonzalez/.m2/repository/io/cucumber/cucumber-java/7.11.1/cucumber-java-7.11.1.jar:/Users/angegonzalez/.m2/repository/io/cucumber/cucumber-core/7.11.1/cucumber-core-7.11.1.jar:/Users/angegonzalez/.m2/repository/io/cucumber/cucumber-gherkin/7.11.1/cucumber-gherkin-7.11.1.jar:/Users/angegonzalez/.m2/repository/io/cucumber/cucumber-gherkin-messages/7.11.1/cucumber-gherkin-messages-7.11.1.jar:/Users/angegonzalez/.m2/repository/io/cucumber/gherkin/26.0.3/gherkin-26.0.3.jar:/Users/angegonzalez/.m2/repository/io/cucumber/messages/21.0.1/messages-21.0.1.jar:/Users/angegonzalez/.m2/repository/io/cucumber/tag-expressions/5.0.1/tag-expressions-5.0.1.jar:/Users/angegonzalez/.m2/repository/io/cucumber/cucumber-expressions/16.1.2/cucumber-expressions-16.1.2.jar:/Users/angegonzalez/.m2/repository/io/cucumber/datatable/7.11.1/datatable-7.11.1.jar:/Users/angegonzalez/.m2/repository/io/cucumber/cucumber-plugin/7.11.1/cucumber-plugin-7.11.1.jar:/Users/angegonzalez/.m2/repository/io/cucumber/docstring/7.11.1/docstring-7.11.1.jar:/Users/angegonzalez/.m2/repository/io/cucumber/html-formatter/20.2.1/html-formatter-20.2.1.jar:/Users/angegonzalez/.m2/repository/io/cucumber/junit-xml-formatter/0.1.0/junit-xml-formatter-0.1.0.jar:/Users/angegonzalez/.m2/repository/io/cucumber/ci-environment/9.1.0/ci-environment-9.1.0.jar:/Users/angegonzalez/.m2/repository/org/apiguardian/apiguardian-api/1.1.2/apiguardian-api-1.1.2.jar:/Users/angegonzalez/.m2/repository/log4j/log4j/1.2.17/log4j-1.2.17.jar:/Users/angegonzalez/.m2/repository/junit/junit/4.13.2/junit-4.13.2.jar:/Users/angegonzalez/.m2/repository/org/hamcrest/hamcrest-core/1.3/hamcrest-core-1.3.jar:/Users/angegonzalez/.m2/repository/io/cucumber/cucumber-junit/7.11.1/cucumber-junit-7.11.1.jar:/Users/angegonzalez/.m2/repository/net/masterthought/cucumber-reporting/5.7.4/cucumber-reporting-5.7.4.jar:/Users/angegonzalez/.m2/repository/com/fasterxml/jackson/core/jackson-databind/2.13.2.2/jackson-databind-2.13.2.2.jar:/Users/angegonzalez/.m2/repository/com/fasterxml/jackson/core/jackson-annotations/2.13.2/jackson-annotations-2.13.2.jar:/Users/angegonzalez/.m2/repository/com/fasterxml/jackson/core/jackson-core/2.13.2/jackson-core-2.13.2.jar:/Users/angegonzalez/.m2/repository/com/fasterxml/jackson/datatype/jackson-datatype-jsr310/2.13.2/jackson-datatype-jsr310-2.13.2.jar:/Users/angegonzalez/.m2/repository/org/apache/velocity/velocity-engine-core/2.3/velocity-engine-core-2.3.jar:/Users/angegonzalez/.m2/repository/org/slf4j/slf4j-api/1.7.30/slf4j-api-1.7.30.jar:/Users/angegonzalez/.m2/repository/org/apache/commons/commons-collections4/4.4/commons-collections4-4.4.jar:/Users/angegonzalez/.m2/repository/joda-time/joda-time/2.10.14/joda-time-2.10.14.jar:/Users/angegonzalez/.m2/repository/org/apache/commons/commons-lang3/3.12.0/commons-lang3-3.12.0.jar:/Users/angegonzalez/.m2/repository/commons-io/commons-io/2.7/commons-io-2.7.jar:/Users/angegonzalez/.m2/repository/org/codehaus/plexus/plexus-utils/3.4.2/plexus-utils-3.4.2.jar:/Users/angegonzalez/.m2/repository/org/jsoup/jsoup/1.15.3/jsoup-1.15.3.jar:/Users/angegonzalez/.m2/repository/com/google/guava/guava/31.1-jre/guava-31.1-jre.jar:/Users/angegonzalez/.m2/repository/com/google/guava/failureaccess/1.0.1/failureaccess-1.0.1.jar:/Users/angegonzalez/.m2/repository/com/google/guava/listenablefuture/9999.0-empty-to-avoid-conflict-with-guava/listenablefuture-9999.0-empty-to-avoid-conflict-with-guava.jar:/Users/angegonzalez/.m2/repository/com/google/code/findbugs/jsr305/3.0.2/jsr305-3.0.2.jar:/Users/angegonzalez/.m2/repository/org/checkerframework/checker-qual/3.12.0/checker-qual-3.12.0.jar:/Users/angegonzalez/.m2/repository/com/google/errorprone/error_prone_annotations/2.11.0/error_prone_annotations-2.11.0.jar:/Users/angegonzalez/.m2/repository/com/google/j2objc/j2objc-annotations/1.3/j2objc-annotations-1.3.jar:/Users/angegonzalez/.m2/repository/com/googlecode/owasp-java-html-sanitizer/owasp-java-html-sanitizer/20211018.2/owasp-java-html-sanitizer-20211018.2.jar:/Users/angegonzalez/.m2/repository/commons-configuration/commons-configuration/1.10/commons-configuration-1.10.jar:/Users/angegonzalez/.m2/repository/commons-lang/commons-lang/2.6/commons-lang-2.6.jar:/Users/angegonzalez/.m2/repository/commons-logging/commons-logging/1.1.1/commons-logging-1.1.1.jar:"/>
    <property name="java.vm.vendor" value="Homebrew"/>
    <property name="sun.arch.data.model" value="64"/>
    <property name="java.vendor.url" value="https://github.com/Homebrew/homebrew-core/issues"/>
    <property name="os.name" value="Mac OS X"/>
    <property name="java.vm.specification.version" value="19"/>
    <property name="sun.java.launcher" value="SUN_STANDARD"/>
    <property name="user.country" value="CO"/>
    <property name="sun.boot.library.path" value="/opt/homebrew/Cellar/openjdk/19.0.2/libexec/openjdk.jdk/Contents/Home/lib"/>
    <property name="sun.java.command" value="/Users/angegonzalez/Documents/Programming/AutomationFrameworkChallenge/target/surefire/surefirebooter-20230223170836485_3.jar /Users/angegonzalez/Documents/Programming/AutomationFrameworkChallenge/target/surefire 2023-02-23T17-08-36_387-jvmRun1 surefire-20230223170836485_1tmp surefire_0-20230223170836485_2tmp"/>
    <property name="http.nonProxyHosts" value="local|*.local|169.254/16|*.169.254/16"/>
    <property name="jdk.debug" value="release"/>
    <property name="surefire.test.class.path" value="/Users/angegonzalez/Documents/Programming/AutomationFrameworkChallenge/target/test-classes:/Users/angegonzalez/Documents/Programming/AutomationFrameworkChallenge/target/classes:/Users/angegonzalez/.m2/repository/io/cucumber/cucumber-java/7.11.1/cucumber-java-7.11.1.jar:/Users/angegonzalez/.m2/repository/io/cucumber/cucumber-core/7.11.1/cucumber-core-7.11.1.jar:/Users/angegonzalez/.m2/repository/io/cucumber/cucumber-gherkin/7.11.1/cucumber-gherkin-7.11.1.jar:/Users/angegonzalez/.m2/repository/io/cucumber/cucumber-gherkin-messages/7.11.1/cucumber-gherkin-messages-7.11.1.jar:/Users/angegonzalez/.m2/repository/io/cucumber/gherkin/26.0.3/gherkin-26.0.3.jar:/Users/angegonzalez/.m2/repository/io/cucumber/messages/21.0.1/messages-21.0.1.jar:/Users/angegonzalez/.m2/repository/io/cucumber/tag-expressions/5.0.1/tag-expressions-5.0.1.jar:/Users/angegonzalez/.m2/repository/io/cucumber/cucumber-expressions/16.1.2/cucumber-expressions-16.1.2.jar:/Users/angegonzalez/.m2/repository/io/cucumber/datatable/7.11.1/datatable-7.11.1.jar:/Users/angegonzalez/.m2/repository/io/cucumber/cucumber-plugin/7.11.1/cucumber-plugin-7.11.1.jar:/Users/angegonzalez/.m2/repository/io/cucumber/docstring/7.11.1/docstring-7.11.1.jar:/Users/angegonzalez/.m2/repository/io/cucumber/html-formatter/20.2.1/html-formatter-20.2.1.jar:/Users/angegonzalez/.m2/repository/io/cucumber/junit-xml-formatter/0.1.0/junit-xml-formatter-0.1.0.jar:/Users/angegonzalez/.m2/repository/io/cucumber/ci-environment/9.1.0/ci-environment-9.1.0.jar:/Users/angegonzalez/.m2/repository/org/apiguardian/apiguardian-api/1.1.2/apiguardian-api-1.1.2.jar:/Users/angegonzalez/.m2/repository/log4j/log4j/1.2.17/log4j-1.2.17.jar:/Users/angegonzalez/.m2/repository/junit/junit/4.13.2/junit-4.13.2.jar:/Users/angegonzalez/.m2/repository/org/hamcrest/hamcrest-core/1.3/hamcrest-core-1.3.jar:/Users/angegonzalez/.m2/repository/io/cucumber/cucumber-junit/7.11.1/cucumber-junit-7.11.1.jar:/Users/angegonzalez/.m2/repository/net/masterthought/cucumber-reporting/5.7.4/cucumber-reporting-5.7.4.jar:/Users/angegonzalez/.m2/repository/com/fasterxml/jackson/core/jackson-databind/2.13.2.2/jackson-databind-2.13.2.2.jar:/Users/angegonzalez/.m2/repository/com/fasterxml/jackson/core/jackson-annotations/2.13.2/jackson-annotations-2.13.2.jar:/Users/angegonzalez/.m2/repository/com/fasterxml/jackson/core/jackson-core/2.13.2/jackson-core-2.13.2.jar:/Users/angegonzalez/.m2/repository/com/fasterxml/jackson/datatype/jackson-datatype-jsr310/2.13.2/jackson-datatype-jsr310-2.13.2.jar:/Users/angegonzalez/.m2/repository/org/apache/velocity/velocity-engine-core/2.3/velocity-engine-core-2.3.jar:/Users/angegonzalez/.m2/repository/org/slf4j/slf4j-api/1.7.30/slf4j-api-1.7.30.jar:/Users/angegonzalez/.m2/repository/org/apache/commons/commons-collections4/4.4/commons-collections4-4.4.jar:/Users/angegonzalez/.m2/repository/joda-time/joda-time/2.10.14/joda-time-2.10.14.jar:/Users/angegonzalez/.m2/repository/org/apache/commons/commons-lang3/3.12.0/commons-lang3-3.12.0.jar:/Users/angegonzalez/.m2/repository/commons-io/commons-io/2.7/commons-io-2.7.jar:/Users/angegonzalez/.m2/repository/org/codehaus/plexus/plexus-utils/3.4.2/plexus-utils-3.4.2.jar:/Users/angegonzalez/.m2/repository/org/jsoup/jsoup/1.15.3/jsoup-1.15.3.jar:/Users/angegonzalez/.m2/repository/com/google/guava/guava/31.1-jre/guava-31.1-jre.jar:/Users/angegonzalez/.m2/repository/com/google/guava/failureaccess/1.0.1/failureaccess-1.0.1.jar:/Users/angegonzalez/.m2/repository/com/google/guava/listenablefuture/9999.0-empty-to-avoid-conflict-with-guava/listenablefuture-9999.0-empty-to-avoid-conflict-with-guava.jar:/Users/angegonzalez/.m2/repository/com/google/code/findbugs/jsr305/3.0.2/jsr305-3.0.2.jar:/Users/angegonzalez/.m2/repository/org/checkerframework/checker-qual/3.12.0/checker-qual-3.12.0.jar:/Users/angegonzalez/.m2/repository/com/google/errorprone/error_prone_annotations/2.11.0/error_prone_annotations-2.11.0.jar:/Users/angegonzalez/.m2/repository/com/google/j2objc/j2objc-annotations/1.3/j2objc-annotations-1.3.jar:/Users/angegonzalez/.m2/repository/com/googlecode/owasp-java-html-sanitizer/owasp-java-html-sanitizer/20211018.2/owasp-java-html-sanitizer-20211018.2.jar:/Users/angegonzalez/.m2/repository/commons-configuration/commons-configuration/1.10/commons-configuration-1.10.jar:/Users/angegonzalez/.m2/repository/commons-lang/commons-lang/2.6/commons-lang-2.6.jar:/Users/angegonzalez/.m2/repository/commons-logging/commons-logging/1.1.1/commons-logging-1.1.1.jar:"/>
    <property name="sun.cpu.endian" value="little"/>
    <property name="user.home" value="/Users/angegonzalez"/>
    <property name="user.language" value="es"/>
    <property name="java.specification.vendor" value="Oracle Corporation"/>
    <property name="java.version.date" value="2023-01-17"/>
    <property name="java.home" value="/opt/homebrew/Cellar/openjdk/19.0.2/libexec/openjdk.jdk/Contents/Home"/>
    <property name="file.separator" value="/"/>
    <property name="basedir" value="/Users/angegonzalez/Documents/Programming/AutomationFrameworkChallenge"/>
    <property name="java.vm.compressedOopsMode" value="Zero based"/>
    <property name="line.separator" value="&#10;"/>
    <property name="java.vm.specification.vendor" value="Oracle Corporation"/>
    <property name="java.specification.name" value="Java Platform API Specification"/>
    <property name="apple.awt.application.name" value="ForkedBooter"/>
    <property name="surefire.real.class.path" value="/Users/angegonzalez/Documents/Programming/AutomationFrameworkChallenge/target/surefire/surefirebooter-20230223170836485_3.jar"/>
    <property name="sun.management.compiler" value="HotSpot 64-Bit Tiered Compilers"/>
    <property name="ftp.nonProxyHosts" value="local|*.local|169.254/16|*.169.254/16"/>
    <property name="java.runtime.version" value="19.0.2"/>
    <property name="user.name" value="angegonzalez"/>
    <property name="stdout.encoding" value="UTF-8"/>
    <property name="path.separator" value=":"/>
    <property name="os.version" value="13.2.1"/>
    <property name="java.runtime.name" value="OpenJDK Runtime Environment"/>
    <property name="file.encoding" value="UTF-8"/>
    <property name="java.vm.name" value="OpenJDK 64-Bit Server VM"/>
    <property name="java.vendor.version" value="Homebrew"/>
    <property name="localRepository" value="/Users/angegonzalez/.m2/repository"/>
    <property name="java.vendor.url.bug" value="https://github.com/Homebrew/homebrew-core/issues"/>
    <property name="java.io.tmpdir" value="/var/folders/rh/7r7h9gk56_51331yfhlk5xnh0000gn/T/"/>
    <property name="java.version" value="19.0.2"/>
    <property name="user.dir" value="/Users/angegonzalez/Documents/Programming/AutomationFrameworkChallenge"/>
    <property name="os.arch" value="aarch64"/>
    <property name="java.vm.specification.name" value="Java Virtual Machine Specification"/>
    <property name="native.encoding" value="UTF-8"/>
    <property name="java.library.path" value="/Users/angegonzalez/Library/Java/Extensions:/Library/Java/Extensions:/Network/Library/Java/Extensions:/System/Library/Java/Extensions:/usr/lib/java:."/>
    <property name="java.vm.info" value="mixed mode, sharing"/>
    <property name="stderr.encoding" value="UTF-8"/>
    <property name="java.vendor" value="Homebrew"/>
    <property name="java.vm.version" value="19.0.2"/>
    <property name="sun.io.unicode.encoding" value="UnicodeBig"/>
    <property name="socksNonProxyHosts" value="local|*.local|169.254/16|*.169.254/16"/>
    <property name="java.class.version" value="63.0"/>
  </properties>
  <testcase name="User successfully creates a request token" classname="Create a request token for the user" time="0.045">
    <system-out><![CDATA[
@authentication
Scenario: User successfully creates a request token &amp#27;[90m# src/test/resources/features/CreateRequestToken.feature:3&amp#27;[0m
0 [main] INFO utils.TestLogger  - I'm bringing to you a valid API key for T.M.D
  &amp#27;[32mGiven &amp#27;[0m&amp#27;[32mthe user has a valid API key&amp#27;[0m                &amp#27;[90m# common.BaseStepsDefinition.userHasValidAPIKey()&amp#27;[0m
1 [main] INFO utils.TestLogger  - You're using the TMD API endpoint to create request token...
1 [main] INFO utils.TestLogger  - You're using the API key: valid API key
  &amp#27;[32mWhen &amp#27;[0m&amp#27;[32mthe user do the request with the API key&amp#27;[0m     &amp#27;[90m# authentication.stepdefs.StepDefinitions.userDoRequestWithAPIKey()&amp#27;[0m
  &amp#27;[32mThen &amp#27;[0m&amp#27;[32mrequest token is successfully created&amp#27;[0m        &amp#27;[90m# authentication.stepdefs.StepDefinitions.requestTokenSuccessfullyCreated()&amp#27;[0m
  &amp#27;[32mAnd &amp#27;[0m&amp#27;[32mfield "success" is true&amp#27;[0m                       &amp#27;[90m# authentication.stepdefs.StepDefinitions.fieldIsTrue()&amp#27;[0m
  &amp#27;[32mAnd &amp#27;[0m&amp#27;[32mfield "expires at" is a valid expiration date&amp#27;[0m &amp#27;[90m# authentication.stepdefs.StepDefinitions.fieldIsAValidDate()&amp#27;[0m
]]></system-out>
  </testcase>
  <testcase name="User cannot create a request token" classname="Create a request token for the user" time="0.006">
    <system-out><![CDATA[
@authentication
Scenario: User cannot create a request token                                    &amp#27;[90m# src/test/resources/features/CreateRequestToken.feature:10&amp#27;[0m
6 [main] INFO utils.TestLogger  - I'm bringing to you an invalid API key for T.M.D
  &amp#27;[32mGiven &amp#27;[0m&amp#27;[32mthe user has an invalid API key&amp#27;[0m                                         &amp#27;[90m# common.BaseStepsDefinition.userHasInvalidAPIKey()&amp#27;[0m
7 [main] INFO utils.TestLogger  - You're using the TMD API endpoint to create request token...
7 [main] INFO utils.TestLogger  - You're using the API key: invalid API key
7 [main] ERROR utils.TestLogger  - Invalid API key: You must be granted a valid key
  &amp#27;[32mWhen &amp#27;[0m&amp#27;[32mthe user do the request with the API key&amp#27;[0m                                 &amp#27;[90m# authentication.stepdefs.StepDefinitions.userDoRequestWithAPIKey()&amp#27;[0m
  &amp#27;[32mThen &amp#27;[0m&amp#27;[32mthe status message is &amp#27;[0m&amp#27;[32m&amp#27;[1m"Invalid API key: You must be granted a valid key"&amp#27;[0m &amp#27;[90m# authentication.stepdefs.StepDefinitions.anErrorMessageIsDisplayed(java.lang.String)&amp#27;[0m
  &amp#27;[32mAnd &amp#27;[0m&amp#27;[32mfield "success" is false&amp#27;[0m                                                  &amp#27;[90m# authentication.stepdefs.StepDefinitions.fieldIsFalse()&amp#27;[0m
  &amp#27;[32mAnd &amp#27;[0m&amp#27;[32m"status_code" is &amp#27;[0m&amp#27;[32m&amp#27;[1m7&amp#27;[0m                                                        &amp#27;[90m# authentication.stepdefs.StepDefinitions.fieldIsNumber(int)&amp#27;[0m
]]></system-out>
  </testcase>
  <testcase name="User successfully gets company details" classname="Get company details" time="0.008">
    <system-out><![CDATA[
@companies
Scenario: User successfully gets company details     &amp#27;[90m# src/test/resources/features/GetCompanyDetails.feature:3&amp#27;[0m
16 [main] INFO utils.TestLogger  - I'm bringing to you a valid API key for T.M.D
  &amp#27;[32mGiven &amp#27;[0m&amp#27;[32mthe user has a valid API key&amp#27;[0m                 &amp#27;[90m# common.BaseStepsDefinition.userHasValidAPIKey()&amp#27;[0m
  &amp#27;[32mAnd &amp#27;[0m&amp#27;[32mthe user has the company id &amp#27;[0m&amp#27;[32m&amp#27;[1m"valid company id"&amp#27;[0m &amp#27;[90m# companies.stepdefs.StepDefinitions.userHasCompanyID(java.lang.String)&amp#27;[0m
  &amp#27;[32mWhen &amp#27;[0m&amp#27;[32mthe user do the request&amp#27;[0m                       &amp#27;[90m# companies.stepdefs.StepDefinitions.userDoRequest()&amp#27;[0m
  &amp#27;[32mThen &amp#27;[0m&amp#27;[32mcompany details are not null&amp#27;[0m                  &amp#27;[90m# companies.stepdefs.StepDefinitions.detailsAreNotNull()&amp#27;[0m
  &amp#27;[32mAnd &amp#27;[0m&amp#27;[32mfield "company_name" is &amp#27;[0m&amp#27;[32m&amp#27;[1m"Lucasfilm"&amp#27;[0m            &amp#27;[90m# companies.stepdefs.StepDefinitions.validateCompanyName(java.lang.String)&amp#27;[0m
]]></system-out>
  </testcase>
  <testcase name="User cannot get company details due to invalid company id" classname="Get company details" time="0.003">
    <system-out><![CDATA[
@companies
Scenario: User cannot get company details due to invalid company id             &amp#27;[90m# src/test/resources/features/GetCompanyDetails.feature:11&amp#27;[0m
21 [main] INFO utils.TestLogger  - I'm bringing to you a valid API key for T.M.D
  &amp#27;[32mGiven &amp#27;[0m&amp#27;[32mthe user has a valid API key&amp#27;[0m                                            &amp#27;[90m# common.BaseStepsDefinition.userHasValidAPIKey()&amp#27;[0m
  &amp#27;[32mAnd &amp#27;[0m&amp#27;[32mthe user has the company id &amp#27;[0m&amp#27;[32m&amp#27;[1m"invalid company id"&amp#27;[0m                          &amp#27;[90m# companies.stepdefs.StepDefinitions.userHasCompanyID(java.lang.String)&amp#27;[0m
  &amp#27;[32mWhen &amp#27;[0m&amp#27;[32mthe user do the request&amp#27;[0m                                                  &amp#27;[90m# companies.stepdefs.StepDefinitions.userDoRequest()&amp#27;[0m
  &amp#27;[32mThen &amp#27;[0m&amp#27;[32mcompany details are null&amp#27;[0m                                                 &amp#27;[90m# companies.stepdefs.StepDefinitions.detailsAreNull()&amp#27;[0m
  &amp#27;[32mAnd &amp#27;[0m&amp#27;[32mfield "status_message" is &amp#27;[0m&amp#27;[32m&amp#27;[1m"The resource you requested could not be found"&amp#27;[0m &amp#27;[90m# companies.stepdefs.StepDefinitions.validateStatusMessage(java.lang.String)&amp#27;[0m
  &amp#27;[32mAnd &amp#27;[0m&amp#27;[32mfield "status_code" is &amp#27;[0m&amp#27;[32m&amp#27;[1m34&amp#27;[0m                                                 &amp#27;[90m# companies.stepdefs.StepDefinitions.validateStatusCode(int)&amp#27;[0m
]]></system-out>
  </testcase>
  <testcase name="User cannot get company details due to invalid API key" classname="Get company details" time="0.004">
    <system-out><![CDATA[
@companies
Scenario: User cannot get company details due to invalid API key                   &amp#27;[90m# src/test/resources/features/GetCompanyDetails.feature:20&amp#27;[0m
24 [main] INFO utils.TestLogger  - I'm bringing to you an invalid API key for T.M.D
  &amp#27;[32mGiven &amp#27;[0m&amp#27;[32mthe user has an invalid API key&amp#27;[0m                                            &amp#27;[90m# common.BaseStepsDefinition.userHasInvalidAPIKey()&amp#27;[0m
  &amp#27;[32mAnd &amp#27;[0m&amp#27;[32mthe user has the company id &amp#27;[0m&amp#27;[32m&amp#27;[1m"valid company id"&amp#27;[0m                               &amp#27;[90m# companies.stepdefs.StepDefinitions.userHasCompanyID(java.lang.String)&amp#27;[0m
  &amp#27;[32mWhen &amp#27;[0m&amp#27;[32mthe user do the request&amp#27;[0m                                                     &amp#27;[90m# companies.stepdefs.StepDefinitions.userDoRequest()&amp#27;[0m
  &amp#27;[32mThen &amp#27;[0m&amp#27;[32mcompany details are null&amp#27;[0m                                                    &amp#27;[90m# companies.stepdefs.StepDefinitions.detailsAreNull()&amp#27;[0m
  &amp#27;[32mAnd &amp#27;[0m&amp#27;[32mfield "status_message" is &amp#27;[0m&amp#27;[32m&amp#27;[1m"Invalid API key: You must be granted a valid key"&amp#27;[0m &amp#27;[90m# companies.stepdefs.StepDefinitions.validateStatusMessage(java.lang.String)&amp#27;[0m
  &amp#27;[32mAnd &amp#27;[0m&amp#27;[32mfield "status_code" is &amp#27;[0m&amp#27;[32m&amp#27;[1m7&amp#27;[0m                                                     &amp#27;[90m# companies.stepdefs.StepDefinitions.validateStatusCode(int)&amp#27;[0m
  &amp#27;[32mAnd &amp#27;[0m&amp#27;[32m"success" field is false&amp#27;[0m                                                     &amp#27;[90m# companies.stepdefs.StepDefinitions.validateSuccess()&amp#27;[0m
]]></system-out>
  </testcase>
</testsuite>